2023-05-15 21:30:33,963:WARNING:
'cuml' is a soft dependency and not included in the pycaret installation. Please run: `pip install cuml` to install.
2023-05-15 21:30:33,964:WARNING:
'cuml' is a soft dependency and not included in the pycaret installation. Please run: `pip install cuml` to install.
2023-05-15 21:30:33,964:WARNING:
'cuml' is a soft dependency and not included in the pycaret installation. Please run: `pip install cuml` to install.
2023-05-15 21:30:33,964:WARNING:
'cuml' is a soft dependency and not included in the pycaret installation. Please run: `pip install cuml` to install.
2023-05-15 21:30:35,573:WARNING:
'prophet' is a soft dependency and not included in the pycaret installation. Please run: `pip install prophet` to install.
2023-05-15 21:30:50,826:INFO:Initializing load_model()
2023-05-15 21:30:50,826:INFO:load_model(model_name=model_final, platform=None, authentication=None, verbose=True)
2023-05-15 21:30:50,856:WARNING:C:\Users\marce\anaconda3\lib\site-packages\pycaret\internal\pipeline.py:135: UserWarning: Version mismatch:
current: {'deps_info': {'pip': '21.2.4', 'setuptools': '61.2.0', 'pycaret': '3.0.1', 'IPython': '8.2.0', 'ipywidgets': '7.6.5', 'tqdm': '4.64.0', 'numpy': '1.21.5', 'pandas': '1.5.3', 'jinja2': '3.1.2', 'scipy': '1.7.3', 'joblib': '1.2.0', 'sklearn': '1.0.2', 'pyod': '1.0.9', 'imblearn': '0.10.1', 'category_encoders': '2.6.0', 'lightgbm': '3.3.5', 'numba': '0.55.1', 'requests': '2.27.1', 'matplotlib': '3.5.1', 'scikitplot': '0.3.7', 'yellowbrick': '1.5', 'plotly': '5.6.0', 'kaleido': '0.2.1', 'statsmodels': '0.13.2', 'sktime': '0.17.0', 'tbats': '1.1.3', 'pmdarima': '2.0.3', 'psutil': '5.9.5'}, 'python': {'version': '3.9.12', 'machine': 'AMD64'}}
pickle: {'deps_info': {'pip': '22.2.2', 'setuptools': '63.4.1', 'pycaret': '3.0.0rc6', 'IPython': '7.31.1', 'ipywidgets': '7.6.5', 'tqdm': '4.64.1', 'numpy': '1.21.5', 'pandas': '1.4.4', 'jinja2': '2.11.3', 'scipy': '1.9.1', 'joblib': '1.2.0', 'sklearn': '1.0.2', 'pyod': '1.0.7', 'imblearn': '0.10.1', 'category_encoders': '2.5.1.post0', 'lightgbm': '3.3.3', 'numba': '0.55.1', 'requests': '2.28.1', 'matplotlib': '3.5.2', 'scikitplot': '0.3.7', 'yellowbrick': '1.5', 'plotly': '5.9.0', 'kaleido': '0.2.1', 'statsmodels': '0.13.2', 'sktime': '0.14.1', 'tbats': '1.1.2', 'pmdarima': '2.0.2', 'psutil': '5.9.0'}, 'python': {'version': '3.9.13', 'machine': 'AMD64'}}
  warnings.warn(

2023-05-15 21:30:50,911:INFO:Initializing predict_model()
2023-05-15 21:30:50,911:INFO:predict_model(self=<pycaret.classification.oop.ClassificationExperiment object at 0x0000020283E26670>, estimator=Pipeline(memory=Memory(location=C:\Users\WORKST~1\AppData\Local\Temp\joblib),
         steps=[('numerical_imputer',
                 TransformerWrapper(include=['qtd_filhos', 'idade',
                                             'tempo_emprego',
                                             'qt_pessoas_residencia', 'renda'],
                                    transformer=SimpleImputer())),
                ('categorical_imputer',
                 TransformerWrapper(include=['sexo', 'posse_de_veiculo',
                                             'posse_de_imovel', 'tipo_renda',
                                             'educacao...
                ('onehot_encoding',
                 TransformerWrapper(include=['tipo_renda', 'educacao',
                                             'estado_civil',
                                             'tipo_residencia'],
                                    transformer=OneHotEncoder(cols=['tipo_renda',
                                                                    'educacao',
                                                                    'estado_civil',
                                                                    'tipo_residencia'],
                                                              handle_missing='return_nan',
                                                              use_cat_names=True))),
                ('actual_estimator',
                 LogisticRegression(C=9.984, class_weight='balanced',
                                    max_iter=1000, random_state=123))]), probability_threshold=None, encoded_labels=False, raw_score=False, round=4, verbose=True, ml_usecase=None, preprocess=True, encode_labels=<function _SupervisedExperiment.predict_model.<locals>.encode_labels at 0x0000020290FA6820>)
2023-05-15 21:30:50,911:INFO:Checking exceptions
2023-05-15 21:30:50,911:INFO:Preloading libraries
2023-05-15 21:30:50,912:INFO:Set up data.
2023-05-15 21:30:51,024:INFO:Set up index.
2023-05-15 21:35:11,554:WARNING:
'cuml' is a soft dependency and not included in the pycaret installation. Please run: `pip install cuml` to install.
2023-05-15 21:35:11,554:WARNING:
'cuml' is a soft dependency and not included in the pycaret installation. Please run: `pip install cuml` to install.
2023-05-15 21:35:11,554:WARNING:
'cuml' is a soft dependency and not included in the pycaret installation. Please run: `pip install cuml` to install.
2023-05-15 21:35:11,555:WARNING:
'cuml' is a soft dependency and not included in the pycaret installation. Please run: `pip install cuml` to install.
2023-05-15 21:35:12,904:WARNING:
'prophet' is a soft dependency and not included in the pycaret installation. Please run: `pip install prophet` to install.
2023-05-15 21:35:23,278:INFO:Initializing load_model()
2023-05-15 21:35:23,278:INFO:load_model(model_name=model_final, platform=None, authentication=None, verbose=True)
2023-05-15 21:35:23,312:WARNING:C:\Users\marce\anaconda3\lib\site-packages\pycaret\internal\pipeline.py:135: UserWarning: Version mismatch:
current: {'deps_info': {'pip': '21.2.4', 'setuptools': '61.2.0', 'pycaret': '3.0.1', 'IPython': '8.2.0', 'ipywidgets': '7.6.5', 'tqdm': '4.64.0', 'numpy': '1.21.5', 'pandas': '1.5.3', 'jinja2': '3.1.2', 'scipy': '1.7.3', 'joblib': '1.2.0', 'sklearn': '1.0.2', 'pyod': '1.0.9', 'imblearn': '0.10.1', 'category_encoders': '2.6.0', 'lightgbm': '3.3.5', 'numba': '0.55.1', 'requests': '2.27.1', 'matplotlib': '3.5.1', 'scikitplot': '0.3.7', 'yellowbrick': '1.5', 'plotly': '5.6.0', 'kaleido': '0.2.1', 'statsmodels': '0.13.2', 'sktime': '0.17.0', 'tbats': '1.1.3', 'pmdarima': '2.0.3', 'psutil': '5.9.5'}, 'python': {'version': '3.9.12', 'machine': 'AMD64'}}
pickle: {'deps_info': {'pip': '22.2.2', 'setuptools': '63.4.1', 'pycaret': '3.0.0rc6', 'IPython': '7.31.1', 'ipywidgets': '7.6.5', 'tqdm': '4.64.1', 'numpy': '1.21.5', 'pandas': '1.4.4', 'jinja2': '2.11.3', 'scipy': '1.9.1', 'joblib': '1.2.0', 'sklearn': '1.0.2', 'pyod': '1.0.7', 'imblearn': '0.10.1', 'category_encoders': '2.5.1.post0', 'lightgbm': '3.3.3', 'numba': '0.55.1', 'requests': '2.28.1', 'matplotlib': '3.5.2', 'scikitplot': '0.3.7', 'yellowbrick': '1.5', 'plotly': '5.9.0', 'kaleido': '0.2.1', 'statsmodels': '0.13.2', 'sktime': '0.14.1', 'tbats': '1.1.2', 'pmdarima': '2.0.2', 'psutil': '5.9.0'}, 'python': {'version': '3.9.13', 'machine': 'AMD64'}}
  warnings.warn(

2023-05-15 21:35:23,360:INFO:Initializing predict_model()
2023-05-15 21:35:23,360:INFO:predict_model(self=<pycaret.classification.oop.ClassificationExperiment object at 0x0000020D14F8A340>, estimator=Pipeline(memory=Memory(location=C:\Users\WORKST~1\AppData\Local\Temp\joblib),
         steps=[('numerical_imputer',
                 TransformerWrapper(include=['qtd_filhos', 'idade',
                                             'tempo_emprego',
                                             'qt_pessoas_residencia', 'renda'],
                                    transformer=SimpleImputer())),
                ('categorical_imputer',
                 TransformerWrapper(include=['sexo', 'posse_de_veiculo',
                                             'posse_de_imovel', 'tipo_renda',
                                             'educacao...
                ('onehot_encoding',
                 TransformerWrapper(include=['tipo_renda', 'educacao',
                                             'estado_civil',
                                             'tipo_residencia'],
                                    transformer=OneHotEncoder(cols=['tipo_renda',
                                                                    'educacao',
                                                                    'estado_civil',
                                                                    'tipo_residencia'],
                                                              handle_missing='return_nan',
                                                              use_cat_names=True))),
                ('actual_estimator',
                 LogisticRegression(C=9.984, class_weight='balanced',
                                    max_iter=1000, random_state=123))]), probability_threshold=None, encoded_labels=False, raw_score=False, round=4, verbose=True, ml_usecase=None, preprocess=True, encode_labels=<function _SupervisedExperiment.predict_model.<locals>.encode_labels at 0x0000020D1A9950D0>)
2023-05-15 21:35:23,361:INFO:Checking exceptions
2023-05-15 21:35:23,361:INFO:Preloading libraries
2023-05-15 21:35:23,362:INFO:Set up data.
2023-05-15 21:35:23,510:INFO:Set up index.
2023-05-15 21:37:04,237:WARNING:
'cuml' is a soft dependency and not included in the pycaret installation. Please run: `pip install cuml` to install.
2023-05-15 21:37:04,237:WARNING:
'cuml' is a soft dependency and not included in the pycaret installation. Please run: `pip install cuml` to install.
2023-05-15 21:37:04,238:WARNING:
'cuml' is a soft dependency and not included in the pycaret installation. Please run: `pip install cuml` to install.
2023-05-15 21:37:04,238:WARNING:
'cuml' is a soft dependency and not included in the pycaret installation. Please run: `pip install cuml` to install.
2023-05-15 21:37:05,937:WARNING:
'prophet' is a soft dependency and not included in the pycaret installation. Please run: `pip install prophet` to install.
2023-05-15 21:37:16,717:INFO:Initializing load_model()
2023-05-15 21:37:16,717:INFO:load_model(model_name=model_final, platform=None, authentication=None, verbose=True)
2023-05-15 21:37:16,732:WARNING:C:\Users\marce\anaconda3\lib\site-packages\pycaret\internal\pipeline.py:135: UserWarning: Version mismatch:
current: {'deps_info': {'pip': '21.2.4', 'setuptools': '61.2.0', 'pycaret': '3.0.1', 'IPython': '8.2.0', 'ipywidgets': '7.6.5', 'tqdm': '4.64.0', 'numpy': '1.21.5', 'pandas': '1.5.3', 'jinja2': '3.1.2', 'scipy': '1.7.3', 'joblib': '1.2.0', 'sklearn': '1.0.2', 'pyod': '1.0.9', 'imblearn': '0.10.1', 'category_encoders': '2.6.0', 'lightgbm': '3.3.5', 'numba': '0.55.1', 'requests': '2.27.1', 'matplotlib': '3.5.1', 'scikitplot': '0.3.7', 'yellowbrick': '1.5', 'plotly': '5.6.0', 'kaleido': '0.2.1', 'statsmodels': '0.13.2', 'sktime': '0.17.0', 'tbats': '1.1.3', 'pmdarima': '2.0.3', 'psutil': '5.9.5'}, 'python': {'version': '3.9.12', 'machine': 'AMD64'}}
pickle: {'deps_info': {'pip': '22.2.2', 'setuptools': '63.4.1', 'pycaret': '3.0.0rc6', 'IPython': '7.31.1', 'ipywidgets': '7.6.5', 'tqdm': '4.64.1', 'numpy': '1.21.5', 'pandas': '1.4.4', 'jinja2': '2.11.3', 'scipy': '1.9.1', 'joblib': '1.2.0', 'sklearn': '1.0.2', 'pyod': '1.0.7', 'imblearn': '0.10.1', 'category_encoders': '2.5.1.post0', 'lightgbm': '3.3.3', 'numba': '0.55.1', 'requests': '2.28.1', 'matplotlib': '3.5.2', 'scikitplot': '0.3.7', 'yellowbrick': '1.5', 'plotly': '5.9.0', 'kaleido': '0.2.1', 'statsmodels': '0.13.2', 'sktime': '0.14.1', 'tbats': '1.1.2', 'pmdarima': '2.0.2', 'psutil': '5.9.0'}, 'python': {'version': '3.9.13', 'machine': 'AMD64'}}
  warnings.warn(

2023-05-15 21:37:16,788:INFO:Initializing predict_model()
2023-05-15 21:37:16,788:INFO:predict_model(self=<pycaret.classification.oop.ClassificationExperiment object at 0x000001DE21C8A610>, estimator=Pipeline(memory=Memory(location=C:\Users\WORKST~1\AppData\Local\Temp\joblib),
         steps=[('numerical_imputer',
                 TransformerWrapper(include=['qtd_filhos', 'idade',
                                             'tempo_emprego',
                                             'qt_pessoas_residencia', 'renda'],
                                    transformer=SimpleImputer())),
                ('categorical_imputer',
                 TransformerWrapper(include=['sexo', 'posse_de_veiculo',
                                             'posse_de_imovel', 'tipo_renda',
                                             'educacao...
                ('onehot_encoding',
                 TransformerWrapper(include=['tipo_renda', 'educacao',
                                             'estado_civil',
                                             'tipo_residencia'],
                                    transformer=OneHotEncoder(cols=['tipo_renda',
                                                                    'educacao',
                                                                    'estado_civil',
                                                                    'tipo_residencia'],
                                                              handle_missing='return_nan',
                                                              use_cat_names=True))),
                ('actual_estimator',
                 LogisticRegression(C=9.984, class_weight='balanced',
                                    max_iter=1000, random_state=123))]), probability_threshold=None, encoded_labels=False, raw_score=False, round=4, verbose=True, ml_usecase=None, preprocess=True, encode_labels=<function _SupervisedExperiment.predict_model.<locals>.encode_labels at 0x000001DE276AA3A0>)
2023-05-15 21:37:16,789:INFO:Checking exceptions
2023-05-15 21:37:16,789:INFO:Preloading libraries
2023-05-15 21:37:16,790:INFO:Set up data.
2023-05-15 21:37:16,868:INFO:Set up index.
2023-05-17 18:59:47,546:WARNING:
'cuml' is a soft dependency and not included in the pycaret installation. Please run: `pip install cuml` to install.
2023-05-17 18:59:47,546:WARNING:
'cuml' is a soft dependency and not included in the pycaret installation. Please run: `pip install cuml` to install.
2023-05-17 18:59:47,546:WARNING:
'cuml' is a soft dependency and not included in the pycaret installation. Please run: `pip install cuml` to install.
2023-05-17 18:59:47,546:WARNING:
'cuml' is a soft dependency and not included in the pycaret installation. Please run: `pip install cuml` to install.
2023-05-17 18:59:50,107:WARNING:
'prophet' is a soft dependency and not included in the pycaret installation. Please run: `pip install prophet` to install.
2023-05-17 19:03:33,686:WARNING:
'cuml' is a soft dependency and not included in the pycaret installation. Please run: `pip install cuml` to install.
2023-05-17 19:03:33,687:WARNING:
'cuml' is a soft dependency and not included in the pycaret installation. Please run: `pip install cuml` to install.
2023-05-17 19:03:33,687:WARNING:
'cuml' is a soft dependency and not included in the pycaret installation. Please run: `pip install cuml` to install.
2023-05-17 19:03:33,688:WARNING:
'cuml' is a soft dependency and not included in the pycaret installation. Please run: `pip install cuml` to install.
2023-05-17 19:03:36,176:WARNING:
'prophet' is a soft dependency and not included in the pycaret installation. Please run: `pip install prophet` to install.
